0 info it worked if it ends with ok
1 verbose cli [ 'C:\\Program Files\\nodejs\\node.exe',
1 verbose cli   'C:\\Users\\Guille\\AppData\\Roaming\\npm\\node_modules\\npm\\bin\\npm-cli.js',
1 verbose cli   'publish' ]
2 info using npm@4.0.0
3 info using node@v8.0.0
4 verbose publish [ '.' ]
5 silly cache add args [ '.', null ]
6 verbose cache add spec .
7 silly cache add parsed spec Result {
7 silly cache add   raw: '.',
7 silly cache add   scope: null,
7 silly cache add   escapedName: null,
7 silly cache add   name: null,
7 silly cache add   rawSpec: '.',
7 silly cache add   spec: 'C:\\Users\\Guille\\Desktop\\projects\\aurelia-spinner\\aurelia-spinner',
7 silly cache add   type: 'directory' }
8 verbose addLocalDirectory C:\Users\Guille\AppData\Roaming\npm-cache\aurelia-spinner\1.0.2\package.tgz not in flight; packing
9 verbose correctMkdir C:\Users\Guille\AppData\Roaming\npm-cache correctMkdir not in flight; initializing
10 info lifecycle aurelia-spinner@1.0.2~prepublish: aurelia-spinner@1.0.2
11 silly lifecycle aurelia-spinner@1.0.2~prepublish: no script for prepublish, continuing
12 info lifecycle aurelia-spinner@1.0.2~prepare: aurelia-spinner@1.0.2
13 silly lifecycle aurelia-spinner@1.0.2~prepare: no script for prepare, continuing
14 verbose tar pack [ 'C:\\Users\\Guille\\AppData\\Roaming\\npm-cache\\aurelia-spinner\\1.0.2\\package.tgz',
14 verbose tar pack   'C:\\Users\\Guille\\Desktop\\projects\\aurelia-spinner\\aurelia-spinner' ]
15 verbose tarball C:\Users\Guille\AppData\Roaming\npm-cache\aurelia-spinner\1.0.2\package.tgz
16 verbose folder C:\Users\Guille\Desktop\projects\aurelia-spinner\aurelia-spinner
17 verbose addLocalTarball adding from inside cache C:\Users\Guille\AppData\Roaming\npm-cache\aurelia-spinner\1.0.2\package.tgz
18 verbose correctMkdir C:\Users\Guille\AppData\Roaming\npm-cache correctMkdir not in flight; initializing
19 silly cache afterAdd aurelia-spinner@1.0.2
20 verbose afterAdd C:\Users\Guille\AppData\Roaming\npm-cache\aurelia-spinner\1.0.2\package\package.json not in flight; writing
21 verbose correctMkdir C:\Users\Guille\AppData\Roaming\npm-cache correctMkdir not in flight; initializing
22 verbose afterAdd C:\Users\Guille\AppData\Roaming\npm-cache\aurelia-spinner\1.0.2\package\package.json written
23 silly publish { name: 'aurelia-spinner',
23 silly publish   version: '1.0.2',
23 silly publish   description: 'Spinner custom attribute for aurelia applications.',
23 silly publish   keywords: [ 'aurelia', 'plugin', 'split', 'panel', 'pane', 'screen' ],
23 silly publish   homepage: 'http://aurelia-spinner-demo.azurewebsites.net/',
23 silly publish   bugs: { url: 'https://github.com/ne0guille/aurelia-spinner/issues' },
23 silly publish   license: 'CC0-1.0',
23 silly publish   author: { name: 'Guillermo Eyherabide', email: 'eyherabideg@gmail.com' },
23 silly publish   main: 'dist/commonjs/index.js',
23 silly publish   repository:
23 silly publish    { type: 'git',
23 silly publish      url: 'git+https://github.com/ne0guille/aurelia-spinner.git' },
23 silly publish   devDependencies:
23 silly publish    { '@types/jasmine': '2.5.54',
23 silly publish      'aurelia-bootstrapper': '2.1.1',
23 silly publish      'aurelia-testing': '1.0.0-beta.3.0.1',
23 silly publish      'aurelia-tools': '1.0.0',
23 silly publish      'babel-eslint': '7.2.3',
23 silly publish      'babel-plugin-syntax-flow': '6.18.0',
23 silly publish      'babel-plugin-transform-decorators-legacy': '1.3.4',
23 silly publish      'babel-plugin-transform-es2015-modules-amd': '6.24.1',
23 silly publish      'babel-plugin-transform-es2015-modules-commonjs': '6.26.0',
23 silly publish      'babel-plugin-transform-es2015-modules-systemjs': '6.24.1',
23 silly publish      'babel-plugin-transform-flow-strip-types': '6.22.0',
23 silly publish      'babel-preset-es2015': '6.24.1',
23 silly publish      'babel-preset-stage-1': '6.24.1',
23 silly publish      'browser-sync': '2.18.13',
23 silly publish      'conventional-changelog': '1.1.3',
23 silly publish      del: '2.2.2',
23 silly publish      gulp: '3.9.1',
23 silly publish      'gulp-babel': '6.1.2',
23 silly publish      'gulp-bump': '2.7.0',
23 silly publish      'gulp-changed': '3.1.0',
23 silly publish      'gulp-concat': '2.6.1',
23 silly publish      'gulp-eslint': '3.0.1',
23 silly publish      'gulp-ignore': '2.0.2',
23 silly publish      'gulp-plumber': '1.1.0',
23 silly publish      'gulp-strip-css-comments': '1.2.0',
23 silly publish      'gulp-typescript': '3.2.1',
23 silly publish      'gulp-yuidoc': '0.1.2',
23 silly publish      isparta: '4.0.0',
23 silly publish      'jasmine-core': '2.7.0',
23 silly publish      karma: '1.7.0',
23 silly publish      'karma-babel-preprocessor': '6.0.1',
23 silly publish      'karma-chrome-launcher': '2.2.0',
23 silly publish      'karma-coverage': '1.1.1',
23 silly publish      'karma-jasmine': '1.1.0',
23 silly publish      'karma-jspm': '2.2.2',
23 silly publish      'object.assign': '4.0.4',
23 silly publish      'require-dir': '0.3.2',
23 silly publish      'run-sequence': '1.2.2',
23 silly publish      typescript: '2.4.2',
23 silly publish      'vinyl-paths': '2.1.0',
23 silly publish      yargs: '7.0.2' },
23 silly publish   jspm:
23 silly publish    { registry: 'npm',
23 silly publish      main: 'index',
23 silly publish      format: 'amd',
23 silly publish      directories: { dist: 'dist/amd' },
23 silly publish      dependencies: { 'aurelia-framework': '1.1.4', 'aurelia-pal': '1.3.0' },
23 silly publish      devDependencies: { 'aurelia-polyfills': '1.0.0' } },
23 silly publish   dependencies:
23 silly publish    { 'aurelia-framework': '1.1.4',
23 silly publish      'aurelia-pal': '1.3.0',
23 silly publish      spinkit: '1.2.5' },
23 silly publish   readme: 'Aurelia custom attribute to add awesome spinners based on http://tobiasahlin.com/spinkit/\r\n\r\n\r\n**demo**\r\nhttp://aurelia-spinner-demo.azurewebsites.net/\r\n\r\n**Installation**\r\n`npm install aurelia-spinner --save`\r\n-------------\r\n\r\n**Plugin Setup**\r\nThe only required attribute its the spinner view.\r\n\r\n```import { SpinnerConfig, spinnerViews } from \'aurelia-spinner\';\r\n\r\nconst spinnerConfig: SpinnerConfig = {\r\n    spinner: spinnerViews.circle,\r\n    useBackgroundBlocker: false,\r\n    blockerClass: \'my-default-overlay-background\'\r\n};\r\n \r\naurelia.use.plugin(PLATFORM.moduleName(\'aurelia-spinner\', config => spinnerConfig))\r\n\r\n ```\r\n\r\n **Options**\r\nYou can see all of the spinners available in the demo site.\r\n\r\n ```\r\n spinnerViews = {\r\n  chasingDots\r\n  circle,\r\n  cubeGrid,\r\n  doubleBounce,\r\n  fadingCircle,\r\n  pulse,\r\n  rotatingPlane,\r\n  threeBounce,\r\n  wanderingCubes,\r\n  wave\r\n}\r\n ```\r\n\r\n**add style in webpack**\r\nif you use te spinner-block class you need to add this file.\r\n\r\n\'aurelia-spinner/dist/styles.css\'\r\n\r\ncss: \'spinkit/css/spinkit.css;\r\nsass: \'spinkit/scss/spinkit.scss;\r\n\r\nor you can import a single file under the spinner folder.\r\n\r\ncss: \'spinkit/css/spinners/9-cube-grid.css\';\r\n\r\n**Usage**\r\nUsage with default configurations\r\n ```\r\n   <div spinner="show.bind: showVM; \r\n                 view.bind: viewVM;\r\n                 block: true">\r\n  </div>\r\n  ```\r\n  **Options**\r\n\r\n  Bindable used to show or hide the spinner.\r\n  show: boolean = false; \r\n\r\n  Just if you want to override the previous configured view.\r\n  view: string = undefined;\r\n\r\n  Used to display an overlay blocker with the spinner. You can change the style setting the class in the default configurarion object or overriding the css of the spinner-block class.\r\n  block: boolean = false; \r\n\r\n```\r\n\r\n  **Dependencies**\r\n  "spinkit": https://github.com/tobiasahlin/SpinKit\r\n',
23 silly publish   readmeFilename: 'README.md',
23 silly publish   gitHead: 'c8f979a964591f4242e9fe2a244cf1bae468f90d',
23 silly publish   _id: 'aurelia-spinner@1.0.2',
23 silly publish   scripts: {},
23 silly publish   _shasum: '29dd3f946fabb005f47b69712d36268f5cc97c43',
23 silly publish   _from: '.' }
24 info lifecycle aurelia-spinner@1.0.2~prepublishOnly: aurelia-spinner@1.0.2
25 silly lifecycle aurelia-spinner@1.0.2~prepublishOnly: no script for prepublishOnly, continuing
26 verbose getPublishConfig undefined
27 silly mapToRegistry name aurelia-spinner
28 silly mapToRegistry using default registry
29 silly mapToRegistry registry https://registry.npmjs.org/
30 silly mapToRegistry data Result {
30 silly mapToRegistry   raw: 'aurelia-spinner',
30 silly mapToRegistry   scope: null,
30 silly mapToRegistry   escapedName: 'aurelia-spinner',
30 silly mapToRegistry   name: 'aurelia-spinner',
30 silly mapToRegistry   rawSpec: '',
30 silly mapToRegistry   spec: 'latest',
30 silly mapToRegistry   type: 'tag' }
31 silly mapToRegistry uri https://registry.npmjs.org/aurelia-spinner
32 verbose publish registryBase https://registry.npmjs.org/
33 silly publish uploading C:\Users\Guille\AppData\Roaming\npm-cache\aurelia-spinner\1.0.2\package.tgz
34 verbose request uri https://registry.npmjs.org/aurelia-spinner
35 verbose request sending authorization for write operation
36 info attempt registry request try #1 at 20:15:23
37 verbose request using bearer token for auth
38 verbose request id 3beada4b7e08a214
39 http request PUT https://registry.npmjs.org/aurelia-spinner
40 http 403 https://registry.npmjs.org/aurelia-spinner
41 verbose headers { 'content-type': 'application/json',
41 verbose headers   'cache-control': 'max-age=300',
41 verbose headers   'content-length': '91',
41 verbose headers   'accept-ranges': 'bytes',
41 verbose headers   date: 'Fri, 25 Aug 2017 23:15:24 GMT',
41 verbose headers   via: '1.1 varnish',
41 verbose headers   connection: 'keep-alive',
41 verbose headers   'x-served-by': 'cache-gru17130-GRU',
41 verbose headers   'x-cache': 'MISS',
41 verbose headers   'x-cache-hits': '0',
41 verbose headers   'x-timer': 'S1503702923.271161,VS0,VE854',
41 verbose headers   vary: 'Accept-Encoding, Accept' }
42 verbose request invalidating C:\Users\Guille\AppData\Roaming\npm-cache\registry.npmjs.org\aurelia-spinner on PUT
43 error publish Failed PUT 403
44 verbose stack Error: You cannot publish over the previously published version 1.0.2. : aurelia-spinner
44 verbose stack     at makeError (C:\Users\Guille\AppData\Roaming\npm\node_modules\npm\node_modules\npm-registry-client\lib\request.js:302:12)
44 verbose stack     at CachingRegistryClient.<anonymous> (C:\Users\Guille\AppData\Roaming\npm\node_modules\npm\node_modules\npm-registry-client\lib\request.js:290:14)
44 verbose stack     at Request._callback (C:\Users\Guille\AppData\Roaming\npm\node_modules\npm\node_modules\npm-registry-client\lib\request.js:210:14)
44 verbose stack     at Request.self.callback (C:\Users\Guille\AppData\Roaming\npm\node_modules\npm\node_modules\request\request.js:187:22)
44 verbose stack     at emitTwo (events.js:125:13)
44 verbose stack     at Request.emit (events.js:213:7)
44 verbose stack     at Request.<anonymous> (C:\Users\Guille\AppData\Roaming\npm\node_modules\npm\node_modules\request\request.js:1048:10)
44 verbose stack     at emitOne (events.js:115:13)
44 verbose stack     at Request.emit (events.js:210:7)
44 verbose stack     at IncomingMessage.<anonymous> (C:\Users\Guille\AppData\Roaming\npm\node_modules\npm\node_modules\request\request.js:969:12)
45 verbose statusCode 403
46 verbose pkgid aurelia-spinner
47 verbose cwd C:\Users\Guille\Desktop\projects\aurelia-spinner\aurelia-spinner
48 error Windows_NT 10.0.15063
49 error argv "C:\\Program Files\\nodejs\\node.exe" "C:\\Users\\Guille\\AppData\\Roaming\\npm\\node_modules\\npm\\bin\\npm-cli.js" "publish"
50 error node v8.0.0
51 error npm  v4.0.0
52 error code E403
53 error You cannot publish over the previously published version 1.0.2. : aurelia-spinner
54 error If you need help, you may report this error at:
54 error     <https://github.com/npm/npm/issues>
55 verbose exit [ 1, true ]
